0 info it worked if it ends with ok
1 verbose cli [ '/home/daryltulay/bin/node',
1 verbose cli   '/home/daryltulay/bin/npm',
1 verbose cli   'install' ]
2 info using npm@1.3.8
3 info using node@v0.10.18
4 error install Couldn't read dependencies
5 error Error: ENOENT, open '/home/daryltulay/webapps/vrc/wp-content/themes/package.json'
6 error If you need help, you may report this log at:
6 error     <http://github.com/isaacs/npm/issues>
6 error or email it to:
6 error     <npm-@googlegroups.com>
7 error System Linux 2.6.32-458.18.1.lve1.2.39.el6.x86_64
8 error command "/home/daryltulay/bin/node" "/home/daryltulay/bin/npm" "install"
9 error cwd /home/daryltulay/webapps/vrc/wp-content/themes
10 error node -v v0.10.18
11 error npm -v 1.3.8
12 error path /home/daryltulay/webapps/vrc/wp-content/themes/package.json
13 error code ENOENT
14 error errno 34
15 verbose exit [ 34, true ]
